{
  "stats": {
    "suites": 3,
    "tests": 6,
    "passes": 6,
    "pending": 0,
    "failures": 0,
    "start": "2023-05-12T19:39:04.900Z",
    "end": "2023-05-12T19:39:10.114Z",
    "duration": 5214,
    "testsRegistered": 6,
    "passPercent": 100,
    "pendingPercent": 0,
    "other": 0,
    "hasOther": false,
    "skipped": 0,
    "hasSkipped": false
  },
  "results": [
    {
      "uuid": "19d8a2b5-7f6d-41ec-896c-167c6bf4aa54",
      "title": "",
      "fullFile": "",
      "file": "",
      "beforeHooks": [],
      "afterHooks": [],
      "tests": [],
      "suites": [
        {
          "uuid": "7ebe8d3b-48f4-4642-b255-34dd5d9667a3",
          "title": "GET requests",
          "fullFile": "/Users/joan.gonzalez/Documents/Viaje a México/Testing-offsite/MochaJS-ChaiHttp/test/Example.js",
          "file": "/test/Example.js",
          "beforeHooks": [],
          "afterHooks": [],
          "tests": [
            {
              "title": "should get the list of all the users",
              "fullTitle": "GET requests should get the list of all the users",
              "timedOut": false,
              "duration": 215,
              "state": "passed",
              "speed": "slow",
              "pass": true,
              "fail": false,
              "pending": false,
              "context": null,
              "code": "chai\n  .request(process.env.URL)\n  .get(\"/api/users?page=2\")\n  .end(function (err, res) {\n    expect(res).to.have.status(200);\n    expect(res.body.data).to.be.an(\"array\");\n    expect(res.body.page).to.be.equal(2);\n    expect(res.body.lenght).to.be.not.null;\n    done();\n  });",
              "err": {},
              "uuid": "1a6e4d1d-d8f4-46c8-8901-71153984f9c5",
              "parentUUID": "7ebe8d3b-48f4-4642-b255-34dd5d9667a3",
              "isHook": false,
              "skipped": false
            },
            {
              "title": "should get the info of a single user",
              "fullTitle": "GET requests should get the info of a single user",
              "timedOut": false,
              "duration": 189,
              "state": "passed",
              "speed": "slow",
              "pass": true,
              "fail": false,
              "pending": false,
              "context": null,
              "code": "chai\n  .request(process.env.URL)\n  .get(\"/api/users/2\")\n  .end(function (err, res) {\n    expect(res).to.have.status(200);\n    expect(res.body.lenght).to.be.not.null;\n    done();\n  });",
              "err": {},
              "uuid": "b2e0a5ed-8199-4172-bc8d-c36193150674",
              "parentUUID": "7ebe8d3b-48f4-4642-b255-34dd5d9667a3",
              "isHook": false,
              "skipped": false
            },
            {
              "title": "verify if user was not found",
              "fullTitle": "GET requests verify if user was not found",
              "timedOut": false,
              "duration": 421,
              "state": "passed",
              "speed": "slow",
              "pass": true,
              "fail": false,
              "pending": false,
              "context": null,
              "code": "chai\n  .request(process.env.URL)\n  .get(\"/api/users/23\")\n  .end(function (err, res) {\n    expect(res).to.have.status(404);\n    expect(res.body).to.be.empty;\n    done();\n  });",
              "err": {},
              "uuid": "33184047-4373-412f-9322-4541a94c9ca7",
              "parentUUID": "7ebe8d3b-48f4-4642-b255-34dd5d9667a3",
              "isHook": false,
              "skipped": false
            },
            {
              "title": "verify all the color are displayed",
              "fullTitle": "GET requests verify all the color are displayed",
              "timedOut": false,
              "duration": 433,
              "state": "passed",
              "speed": "slow",
              "pass": true,
              "fail": false,
              "pending": false,
              "context": null,
              "code": "chai\n  .request(process.env.URL)\n  .get(\"/api/unknown\")\n  .end(function (err, res) {\n    expect(res).to.have.status(200);\n    assert.lengthOf(res.body.data, 6);\n    done();\n  });",
              "err": {},
              "uuid": "8f9ef9af-e7a5-4fc2-b520-e0b3516158f2",
              "parentUUID": "7ebe8d3b-48f4-4642-b255-34dd5d9667a3",
              "isHook": false,
              "skipped": false
            }
          ],
          "suites": [],
          "passes": [
            "1a6e4d1d-d8f4-46c8-8901-71153984f9c5",
            "b2e0a5ed-8199-4172-bc8d-c36193150674",
            "33184047-4373-412f-9322-4541a94c9ca7",
            "8f9ef9af-e7a5-4fc2-b520-e0b3516158f2"
          ],
          "failures": [],
          "pending": [],
          "skipped": [],
          "duration": 1258,
          "root": false,
          "rootEmpty": false,
          "_timeout": 2000
        },
        {
          "uuid": "d9598cf4-6bcc-40a4-841a-915da80f4dba",
          "title": "POST requests",
          "fullFile": "/Users/joan.gonzalez/Documents/Viaje a México/Testing-offsite/MochaJS-ChaiHttp/test/Example.js",
          "file": "/test/Example.js",
          "beforeHooks": [],
          "afterHooks": [],
          "tests": [
            {
              "title": "Create a single user",
              "fullTitle": "POST requests Create a single user",
              "timedOut": false,
              "duration": 448,
              "state": "passed",
              "speed": "slow",
              "pass": true,
              "fail": false,
              "pending": false,
              "context": null,
              "code": "const name_ = \"John\";\nconst job_ = \"Automation\";\nchai\n  .request(process.env.URL)\n  .post(\"/api/users\")\n  .send({\n    name: name_,\n    job: job_,\n  })\n  .end(function (err, res) {\n    expect(res).to.has.status(201);\n    expect(res.body.name).to.equal(name_);\n    expect(res.body.job).to.equal(job_);\n    assert.isString(res.body.id);\n    assert.match(res.body.id, /^[0-9]+$/);\n    assert.isNotEmpty(res.body.createdAt);\n    done();\n  });",
              "err": {},
              "uuid": "e049fb5d-3530-4265-94da-8fc4fc7032ff",
              "parentUUID": "d9598cf4-6bcc-40a4-841a-915da80f4dba",
              "isHook": false,
              "skipped": false
            }
          ],
          "suites": [],
          "passes": [
            "e049fb5d-3530-4265-94da-8fc4fc7032ff"
          ],
          "failures": [],
          "pending": [],
          "skipped": [],
          "duration": 448,
          "root": false,
          "rootEmpty": false,
          "_timeout": 2000
        },
        {
          "uuid": "8462561d-7cf6-4383-8ffd-42bacd85244f",
          "title": "GET requests",
          "fullFile": "/Users/joan.gonzalez/Documents/Viaje a México/Testing-offsite/MochaJS-ChaiHttp/test/Example.js",
          "file": "/test/Example.js",
          "beforeHooks": [],
          "afterHooks": [],
          "tests": [
            {
              "title": "Delayed call",
              "fullTitle": "GET requests Delayed call",
              "timedOut": false,
              "duration": 3499,
              "state": "passed",
              "speed": "slow",
              "pass": true,
              "fail": false,
              "pending": false,
              "context": null,
              "code": "this.timeout(6000);\nreturn new Promise(function (resolve, reject) {\n  chai\n    .request(process.env.URL)\n    .get(process.env.API_PATH || \"\")\n    .end(function (err, res) {\n      if (res.status === 200) {\n        expect(res.body.data).to.be.an(\"array\");\n        expect(res.body.page).to.be.equal(1);\n        resolve(\"resolved\");\n      } else {\n        reject(new Error(\"Not getting 200 status API response\"));\n      }\n    });\n});",
              "err": {},
              "uuid": "b63618ef-fad3-4715-b015-f4461cfe3eee",
              "parentUUID": "8462561d-7cf6-4383-8ffd-42bacd85244f",
              "isHook": false,
              "skipped": false
            }
          ],
          "suites": [],
          "passes": [
            "b63618ef-fad3-4715-b015-f4461cfe3eee"
          ],
          "failures": [],
          "pending": [],
          "skipped": [],
          "duration": 3499,
          "root": false,
          "rootEmpty": false,
          "_timeout": 2000
        }
      ],
      "passes": [],
      "failures": [],
      "pending": [],
      "skipped": [],
      "duration": 0,
      "root": true,
      "rootEmpty": true,
      "_timeout": 2000
    }
  ],
  "meta": {
    "mocha": {
      "version": "10.2.0"
    },
    "mochawesome": {
      "options": {
        "quiet": false,
        "reportFilename": "mochawesome",
        "saveHtml": true,
        "saveJson": true,
        "consoleReporter": "spec",
        "useInlineDiffs": false,
        "code": true
      },
      "version": "7.1.3"
    },
    "marge": {
      "options": {
        "reportDir": "mochawesome-report"
      },
      "version": "6.2.0"
    }
  }
}